[2016-03-01 11:35:10] __rvm_make
__rvm_make () 
{ 
    \make "$@" || return $?
}
current path: /home/bishisht/.rvm/src/ruby-2.3.0
PATH=/usr/local/heroku/bin:/usr/local/sbin:/usr/local/bin:/usr/sbin:/usr/bin:/sbin:/bin:/usr/games:/usr/local/games:/home/bishisht/.rvm/bin:/home/bishisht/.rvm/bin
command(2): __rvm_make install
++ make install
generating i686-linux-fake.rb
i686-linux-fake.rb updated
	CC = gcc
	LD = ld
	LDSHARED = gcc -shared
	CFLAGS = -O3 -fno-fast-math -ggdb3 -Wall -Wextra -Wno-unused-parameter -Wno-parentheses -Wno-long-long -Wno-missing-field-initializers -Wunused-variable -Wpointer-arith -Wwrite-strings -Wdeclaration-after-statement -Wimplicit-function-declaration -Wdeprecated-declarations -Wno-packed-bitfield-compat -std=iso9899:1999  -fPIC 
	XCFLAGS = -D_FORTIFY_SOURCE=2 -fstack-protector -fno-strict-overflow -fvisibility=hidden -DRUBY_EXPORT
	CPPFLAGS =   -I. -I.ext/include/i686-linux -I./include -I.
	DLDFLAGS = -Wl,-soname,libruby.so.2.3  -fstack-protector  
	SOLIBS = -lpthread -lgmp -ldl -lcrypt -lm  
Using built-in specs.
COLLECT_GCC=gcc
COLLECT_LTO_WRAPPER=/usr/lib/gcc/i686-linux-gnu/4.9/lto-wrapper
Target: i686-linux-gnu
Configured with: ../src/configure -v --with-pkgversion='Ubuntu 4.9.2-10ubuntu13' --with-bugurl=file:///usr/share/doc/gcc-4.9/README.Bugs --enable-languages=c,c++,java,go,d,fortran,objc,obj-c++ --prefix=/usr --program-suffix=-4.9 --enable-shared --enable-linker-build-id --libexecdir=/usr/lib --without-included-gettext --enable-threads=posix --with-gxx-include-dir=/usr/include/c++/4.9 --libdir=/usr/lib --enable-nls --with-sysroot=/ --enable-clocale=gnu --enable-libstdcxx-debug --enable-libstdcxx-time=yes --enable-gnu-unique-object --disable-vtable-verify --enable-plugin --with-system-zlib --disable-browser-plugin --enable-java-awt=gtk --enable-gtk-cairo --with-java-home=/usr/lib/jvm/java-1.5.0-gcj-4.9-i386/jre --enable-java-home --with-jvm-root-dir=/usr/lib/jvm/java-1.5.0-gcj-4.9-i386 --with-jvm-jar-dir=/usr/lib/jvm-exports/java-1.5.0-gcj-4.9-i386 --with-arch-directory=i386 --with-ecj-jar=/usr/share/java/eclipse-ecj.jar --enable-objc-gc --enable-targets=all --enable-multiarch --disable-werror --with-arch-32=i686 --with-multilib-list=m32,m64,mx32 --enable-multilib --with-tune=generic --enable-checking=release --build=i686-linux-gnu --host=i686-linux-gnu --target=i686-linux-gnu
Thread model: posix
gcc version 4.9.2 (Ubuntu 4.9.2-10ubuntu13) 
generating enc.mk
making enc
make[1]: Entering directory '/home/bishisht/.rvm/src/ruby-2.3.0'
make[1]: Nothing to be done for 'enc'.
make[1]: Leaving directory '/home/bishisht/.rvm/src/ruby-2.3.0'
making srcs under enc
make[1]: Entering directory '/home/bishisht/.rvm/src/ruby-2.3.0'
make[1]: Nothing to be done for 'srcs'.
make[1]: Leaving directory '/home/bishisht/.rvm/src/ruby-2.3.0'
generating transdb.h
transdb.h unchanged
making trans
make[1]: Entering directory '/home/bishisht/.rvm/src/ruby-2.3.0'
make[1]: Nothing to be done for './enc/trans'.
make[1]: Leaving directory '/home/bishisht/.rvm/src/ruby-2.3.0'
making encs
make[1]: Entering directory '/home/bishisht/.rvm/src/ruby-2.3.0'
make[1]: Leaving directory '/home/bishisht/.rvm/src/ruby-2.3.0'
generating makefile exts.mk
configuring socket
Failed to configure tk. It will not be installed.
Failed to configure tk/tkutil. It will not be installed.
make[1]: Entering directory '/home/bishisht/.rvm/src/ruby-2.3.0'
make[2]: Entering directory '/home/bishisht/.rvm/src/ruby-2.3.0/ext/-test-/class'
linking shared-object -test-/class.so
make[2]: Leaving directory '/home/bishisht/.rvm/src/ruby-2.3.0/ext/-test-/class'
make[2]: Entering directory '/home/bishisht/.rvm/src/ruby-2.3.0/ext/-test-/marshal/compat'
linking shared-object -test-/marshal/compat.so
make[2]: Leaving directory '/home/bishisht/.rvm/src/ruby-2.3.0/ext/-test-/marshal/compat'
make[2]: Entering directory '/home/bishisht/.rvm/src/ruby-2.3.0/ext/-test-/marshal/internal_ivar'
linking shared-object -test-/marshal/internal_ivar.so
make[2]: Leaving directory '/home/bishisht/.rvm/src/ruby-2.3.0/ext/-test-/marshal/internal_ivar'
make[2]: Entering directory '/home/bishisht/.rvm/src/ruby-2.3.0/ext/-test-/st/numhash'
linking shared-object -test-/st/numhash.so
make[2]: Leaving directory '/home/bishisht/.rvm/src/ruby-2.3.0/ext/-test-/st/numhash'
make[2]: Entering directory '/home/bishisht/.rvm/src/ruby-2.3.0/ext/-test-/st/update'
linking shared-object -test-/st/update.so
make[2]: Leaving directory '/home/bishisht/.rvm/src/ruby-2.3.0/ext/-test-/st/update'
make[2]: Entering directory '/home/bishisht/.rvm/src/ruby-2.3.0/ext/bigdecimal'
installing default bigdecimal libraries
make[2]: Leaving directory '/home/bishisht/.rvm/src/ruby-2.3.0/ext/bigdecimal'
make[2]: Entering directory '/home/bishisht/.rvm/src/ruby-2.3.0/ext/date'
installing default date_core libraries
make[2]: Leaving directory '/home/bishisht/.rvm/src/ruby-2.3.0/ext/date'
make[2]: Entering directory '/home/bishisht/.rvm/src/ruby-2.3.0/ext/digest'
installing digest libraries
installing default digest libraries
make[2]: Leaving directory '/home/bishisht/.rvm/src/ruby-2.3.0/ext/digest'
make[2]: Entering directory '/home/bishisht/.rvm/src/ruby-2.3.0/ext/digest/sha2'
installing default sha2 libraries
make[2]: Leaving directory '/home/bishisht/.rvm/src/ruby-2.3.0/ext/digest/sha2'
make[2]: Entering directory '/home/bishisht/.rvm/src/ruby-2.3.0/ext/fiddle'
installing default fiddle libraries
make[2]: Leaving directory '/home/bishisht/.rvm/src/ruby-2.3.0/ext/fiddle'
make[2]: Entering directory '/home/bishisht/.rvm/src/ruby-2.3.0/ext/io/console'
installing default console libraries
make[2]: Leaving directory '/home/bishisht/.rvm/src/ruby-2.3.0/ext/io/console'
make[2]: Entering directory '/home/bishisht/.rvm/src/ruby-2.3.0/ext/json'
installing default libraries
make[2]: Leaving directory '/home/bishisht/.rvm/src/ruby-2.3.0/ext/json'
make[2]: Entering directory '/home/bishisht/.rvm/src/ruby-2.3.0/ext/nkf'
installing default nkf libraries
make[2]: Leaving directory '/home/bishisht/.rvm/src/ruby-2.3.0/ext/nkf'
make[2]: Entering directory '/home/bishisht/.rvm/src/ruby-2.3.0/ext/openssl'
installing default openssl libraries
make[2]: Leaving directory '/home/bishisht/.rvm/src/ruby-2.3.0/ext/openssl'
make[2]: Entering directory '/home/bishisht/.rvm/src/ruby-2.3.0/ext/pathname'
installing default pathname libraries
make[2]: Leaving directory '/home/bishisht/.rvm/src/ruby-2.3.0/ext/pathname'
make[2]: Entering directory '/home/bishisht/.rvm/src/ruby-2.3.0/ext/psych'
installing default psych libraries
make[2]: Leaving directory '/home/bishisht/.rvm/src/ruby-2.3.0/ext/psych'
make[2]: Entering directory '/home/bishisht/.rvm/src/ruby-2.3.0/ext/pty'
installing default pty libraries
make[2]: Leaving directory '/home/bishisht/.rvm/src/ruby-2.3.0/ext/pty'
make[2]: Entering directory '/home/bishisht/.rvm/src/ruby-2.3.0/ext/ripper'
installing default ripper libraries
checking ../.././parse.y and ../.././ext/ripper/eventids2.c
make[2]: Leaving directory '/home/bishisht/.rvm/src/ruby-2.3.0/ext/ripper'
make[2]: Entering directory '/home/bishisht/.rvm/src/ruby-2.3.0/ext/socket'
linking shared-object socket.so
installing default socket libraries
make[2]: Leaving directory '/home/bishisht/.rvm/src/ruby-2.3.0/ext/socket'
make[2]: Entering directory '/home/bishisht/.rvm/src/ruby-2.3.0/ext/syslog'
installing default syslog libraries
make[2]: Leaving directory '/home/bishisht/.rvm/src/ruby-2.3.0/ext/syslog'
make[2]: Entering directory '/home/bishisht/.rvm/src/ruby-2.3.0/ext/tk'
make[2]: Nothing to be done for 'all'.
make[2]: Leaving directory '/home/bishisht/.rvm/src/ruby-2.3.0/ext/tk'
make[2]: Entering directory '/home/bishisht/.rvm/src/ruby-2.3.0/ext/tk/tkutil'
make[2]: Nothing to be done for 'all'.
make[2]: Leaving directory '/home/bishisht/.rvm/src/ruby-2.3.0/ext/tk/tkutil'
make[2]: Entering directory '/home/bishisht/.rvm/src/ruby-2.3.0'
make[2]: 'ruby' is up to date.
make[2]: Leaving directory '/home/bishisht/.rvm/src/ruby-2.3.0'
make[1]: Leaving directory '/home/bishisht/.rvm/src/ruby-2.3.0'
./miniruby -I./lib -I. -I.ext/common  ./tool/runruby.rb --extout=.ext  -- --disable-gems -r./i686-linux-fake ./tool/rbinstall.rb --make="make" --dest-dir="" --extout=".ext" --mflags="" --make-flags="" --data-mode=0644 --prog-mode=0755 --installed-list .installed.list --mantype="doc"
installing binary commands:   /home/bishisht/.rvm/rubies/ruby-2.3.0/bin
installing base libraries:    /home/bishisht/.rvm/rubies/ruby-2.3.0/lib
installing arch files:        /home/bishisht/.rvm/rubies/ruby-2.3.0/lib/ruby/2.3.0/i686-linux
installing pkgconfig data:    /home/bishisht/.rvm/rubies/ruby-2.3.0/lib/pkgconfig
installing command scripts:   /home/bishisht/.rvm/rubies/ruby-2.3.0/bin
installing library scripts:   /home/bishisht/.rvm/rubies/ruby-2.3.0/lib/ruby/2.3.0
installing common headers:    /home/bishisht/.rvm/rubies/ruby-2.3.0/include/ruby-2.3.0
installing manpages:          /home/bishisht/.rvm/rubies/ruby-2.3.0/share/man/man1
installing extension objects: /home/bishisht/.rvm/rubies/ruby-2.3.0/lib/ruby/2.3.0/i686-linux
installing extension objects: /home/bishisht/.rvm/rubies/ruby-2.3.0/lib/ruby/site_ruby/2.3.0/i686-linux
installing extension objects: /home/bishisht/.rvm/rubies/ruby-2.3.0/lib/ruby/vendor_ruby/2.3.0/i686-linux
installing extension headers: /home/bishisht/.rvm/rubies/ruby-2.3.0/include/ruby-2.3.0/i686-linux
installing extension scripts: /home/bishisht/.rvm/rubies/ruby-2.3.0/lib/ruby/2.3.0
installing extension scripts: /home/bishisht/.rvm/rubies/ruby-2.3.0/lib/ruby/site_ruby/2.3.0
installing extension scripts: /home/bishisht/.rvm/rubies/ruby-2.3.0/lib/ruby/vendor_ruby/2.3.0
installing extension headers: /home/bishisht/.rvm/rubies/ruby-2.3.0/include/ruby-2.3.0/ruby
installing default gems:      /home/bishisht/.rvm/rubies/ruby-2.3.0/lib/ruby/gems/2.3.0 (build_info, cache, doc, extensions, gems, specifications)
                              bigdecimal 1.2.8
                              io-console 0.4.5
                              json 1.8.3
                              psych 2.0.17
                              rdoc 4.2.1
installing bundle gems:       /home/bishisht/.rvm/rubies/ruby-2.3.0/lib/ruby/gems/2.3.0 (build_info, cache, doc, extensions, gems, specifications)
                              power_assert 0.2.6
                              did_you_mean 1.0.0
                              rake 10.4.2
                              test-unit 3.1.5
                              minitest 5.8.3
                              net-telnet 0.1.1
