[2016-03-01 11:30:59] __rvm_make
__rvm_make () 
{ 
    \make "$@" || return $?
}
current path: /home/bishisht/.rvm/src/ruby-2.3.0
PATH=/usr/local/heroku/bin:/usr/local/sbin:/usr/local/bin:/usr/sbin:/usr/bin:/sbin:/bin:/usr/games:/usr/local/games:/home/bishisht/.rvm/bin:/home/bishisht/.rvm/bin
command(2): __rvm_make -j4
++ make -j4
	CC = gcc
	LD = ld
	LDSHARED = gcc -shared
	CFLAGS = -O3 -fno-fast-math -ggdb3 -Wall -Wextra -Wno-unused-parameter -Wno-parentheses -Wno-long-long -Wno-missing-field-initializers -Wunused-variable -Wpointer-arith -Wwrite-strings -Wdeclaration-after-statement -Wimplicit-function-declaration -Wdeprecated-declarations -Wno-packed-bitfield-compat -std=iso9899:1999  -fPIC 
	XCFLAGS = -D_FORTIFY_SOURCE=2 -fstack-protector -fno-strict-overflow -fvisibility=hidden -DRUBY_EXPORT
	CPPFLAGS =   -I. -I.ext/include/i686-linux -I./include -I.
	DLDFLAGS = -Wl,-soname,libruby.so.2.3  -fstack-protector  
	SOLIBS = -lpthread -lgmp -ldl -lcrypt -lm  
Using built-in specs.
COLLECT_GCC=gcc
COLLECT_LTO_WRAPPER=/usr/lib/gcc/i686-linux-gnu/4.9/lto-wrapper
Target: i686-linux-gnu
Configured with: ../src/configure -v --with-pkgversion='Ubuntu 4.9.2-10ubuntu13' --with-bugurl=file:///usr/share/doc/gcc-4.9/README.Bugs --enable-languages=c,c++,java,go,d,fortran,objc,obj-c++ --prefix=/usr --program-suffix=-4.9 --enable-shared --enable-linker-build-id --libexecdir=/usr/lib --without-included-gettext --enable-threads=posix --with-gxx-include-dir=/usr/include/c++/4.9 --libdir=/usr/lib --enable-nls --with-sysroot=/ --enable-clocale=gnu --enable-libstdcxx-debug --enable-libstdcxx-time=yes --enable-gnu-unique-object --disable-vtable-verify --enable-plugin --with-system-zlib --disable-browser-plugin --enable-java-awt=gtk --enable-gtk-cairo --with-java-home=/usr/lib/jvm/java-1.5.0-gcj-4.9-i386/jre --enable-java-home --with-jvm-root-dir=/usr/lib/jvm/java-1.5.0-gcj-4.9-i386 --with-jvm-jar-dir=/usr/lib/jvm-exports/java-1.5.0-gcj-4.9-i386 --with-arch-directory=i386 --with-ecj-jar=/usr/share/java/eclipse-ecj.jar --enable-objc-gc --enable-targets=all --enable-multiarch --disable-werror --with-arch-32=i686 --with-multilib-list=m32,m64,mx32 --enable-multilib --with-tune=generic --enable-checking=release --build=i686-linux-gnu --host=i686-linux-gnu --target=i686-linux-gnu
Thread model: posix
gcc version 4.9.2 (Ubuntu 4.9.2-10ubuntu13) 
compiling main.c
compiling dmydln.c
compiling miniinit.c
compiling dmyext.c
compiling miniprelude.c
copying dummy probes.h
compiling bignum.c
compiling class.c
compiling compar.c
compiling complex.c
compiling dir.c
compiling dln_find.c
compiling encoding.c
compiling enum.c
compiling enumerator.c
compiling error.c
compiling eval.c
compiling load.c
compiling proc.c
compiling file.c
compiling gc.c
compiling hash.c
compiling inits.c
compiling io.c
compiling marshal.c
compiling math.c
compiling node.c
compiling numeric.c
compiling object.c
compiling pack.c
compiling parse.c
compiling process.c
compiling random.c
compiling range.c
compiling rational.c
compiling re.c
compiling regcomp.c
compiling regenc.c
compiling regerror.c
compiling regexec.c
compiling regparse.c
compiling regsyntax.c
compiling ruby.c
compiling safe.c
compiling signal.c
compiling sprintf.c
compiling st.c
compiling strftime.c
compiling string.c
compiling struct.c
compiling symbol.c
compiling time.c
compiling transcode.c
compiling util.c
compiling variable.c
compiling version.c
compiling compile.c
compiling debug.c
compiling iseq.c
compiling vm.c
compiling vm_dump.c
compiling vm_backtrace.c
compiling vm_trace.c
compiling thread.c
compiling cont.c
compiling ./missing/explicit_bzero.c
compiling ./missing/setproctitle.c
compiling ./missing/strlcat.c
compiling ./missing/strlcpy.c
compiling addr2line.c
compiling dmyenc.c
compiling dln.c
compiling localeinit.c
compiling prelude.c
compiling array.c
compiling enc/ascii.c
compiling enc/us_ascii.c
compiling enc/unicode.c
compiling enc/utf_8.c
compiling enc/trans/newline.c
linking miniruby
generating encdb.h
rbconfig.rb updated
generating enc.mk
creating verconf.h
encdb.h updated
verconf.h updated
compiling loadpath.c
making srcs under enc
make[1]: Entering directory '/home/bishisht/.rvm/src/ruby-2.3.0'
make[1]: Nothing to be done for 'srcs'.
make[1]: Leaving directory '/home/bishisht/.rvm/src/ruby-2.3.0'
generating transdb.h
linking static-library libruby-static.a
transdb.h updated
verifying static-library libruby-static.a
linking shared-library libruby.so.2.3.0
making enc
making trans
generating makefile exts.mk
make[1]: Entering directory '/home/bishisht/.rvm/src/ruby-2.3.0'
make[1]: Entering directory '/home/bishisht/.rvm/src/ruby-2.3.0'
compiling ./enc/encdb.c
compiling ./enc/big5.c
compiling ./enc/trans/transdb.c
configuring -test-/array/resize
configuring -test-/bignum
configuring -test-/bug-3571
configuring -test-/bug-5832
configuring -test-/bug_reporter
configuring -test-/class
configuring -test-/debug
configuring -test-/dln/empty
configuring -test-/exception
configuring -test-/fatal
configuring -test-/file
compiling ./enc/trans/big5.c
compiling ./enc/cp949.c
compiling ./enc/emacs_mule.c
compiling ./enc/euc_jp.c
compiling ./enc/euc_kr.c
compiling ./enc/euc_tw.c
compiling ./enc/gb2312.c
compiling ./enc/trans/chinese.c
compiling ./enc/gb18030.c
compiling ./enc/gbk.c
compiling ./enc/iso_8859_1.c
compiling ./enc/iso_8859_2.c
configuring -test-/float
configuring -test-/funcall
configuring -test-/gvl/call_without_gvl
configuring -test-/hash
configuring -test-/iseq_load
configuring -test-/iter
configuring -test-/load/dot.dot
configuring -test-/marshal/compat
configuring -test-/marshal/internal_ivar
configuring -test-/marshal/usr
configuring -test-/method
configuring -test-/notimplement
configuring -test-/num2int
configuring -test-/path_to_class
configuring -test-/popen_deadlock
configuring -test-/postponed_job
configuring -test-/printf
configuring -test-/proc
configuring -test-/rational
configuring -test-/recursion
configuring -test-/st/foreach
configuring -test-/st/numhash
configuring -test-/st/update
configuring -test-/string
configuring -test-/struct
compiling ./enc/iso_8859_3.c
configuring -test-/symbol
compiling ./enc/iso_8859_4.c
compiling ./enc/iso_8859_5.c
configuring -test-/time
configuring -test-/tracepoint
configuring -test-/typeddata
configuring -test-/wait_for_single_fd
configuring bigdecimal
compiling ./enc/iso_8859_6.c
compiling ./enc/iso_8859_7.c
compiling ./enc/iso_8859_8.c
compiling ./enc/trans/ebcdic.c
compiling ./enc/iso_8859_9.c
compiling ./enc/trans/emoji.c
compiling ./enc/iso_8859_10.c
compiling ./enc/iso_8859_11.c
compiling ./enc/iso_8859_13.c
compiling ./enc/trans/emoji_iso2022_kddi.c
compiling ./enc/iso_8859_14.c
compiling ./enc/iso_8859_15.c
compiling ./enc/iso_8859_16.c
compiling ./enc/koi8_r.c
compiling ./enc/koi8_u.c
compiling ./enc/shift_jis.c
compiling ./enc/trans/emoji_sjis_docomo.c
compiling ./enc/utf_16be.c
compiling ./enc/utf_16le.c
configuring cgi/escape
configuring continuation
configuring coverage
configuring date
configuring dbm
compiling ./enc/utf_32be.c
compiling ./enc/trans/emoji_sjis_kddi.c
compiling ./enc/utf_32le.c
compiling ./enc/windows_31j.c
compiling ./enc/windows_1250.c
compiling ./enc/windows_1251.c
compiling ./enc/windows_1252.c
linking encoding encdb.so
linking encoding big5.so
linking encoding cp949.so
linking encoding emacs_mule.so
linking encoding euc_jp.so
linking encoding euc_kr.so
linking encoding euc_tw.so
linking encoding gb2312.so
linking encoding gb18030.so
linking encoding gbk.so
compiling ./enc/trans/emoji_sjis_softbank.c
compiling ./enc/trans/escape.c
linking encoding iso_8859_1.so
linking encoding iso_8859_2.so
linking encoding iso_8859_3.so
linking encoding iso_8859_4.so
compiling ./enc/trans/gb18030.c
linking encoding iso_8859_5.so
linking encoding iso_8859_6.so
linking encoding iso_8859_7.so
linking encoding iso_8859_8.so
linking encoding iso_8859_9.so
linking encoding iso_8859_10.so
linking encoding iso_8859_11.so
linking encoding iso_8859_13.so
linking encoding iso_8859_14.so
linking encoding iso_8859_15.so
linking encoding iso_8859_16.so
linking encoding koi8_r.so
linking encoding koi8_u.so
linking encoding shift_jis.so
linking encoding utf_16be.so
linking encoding utf_16le.so
linking encoding utf_32be.so
linking encoding utf_32le.so
linking encoding windows_31j.so
linking encoding windows_1250.so
compiling ./enc/trans/gbk.c
linking encoding windows_1251.so
linking encoding windows_1252.so
make[1]: Leaving directory '/home/bishisht/.rvm/src/ruby-2.3.0'
compiling ./enc/trans/iso2022.c
compiling ./enc/trans/japanese.c
compiling ./enc/trans/japanese_euc.c
compiling ./enc/trans/japanese_sjis.c
compiling ./enc/trans/korean.c
compiling ./enc/trans/single_byte.c
compiling ./enc/trans/utf8_mac.c
compiling ./enc/trans/utf_16_32.c
linking transcoder transdb.so
linking transcoder big5.so
linking transcoder chinese.so
linking transcoder ebcdic.so
linking transcoder emoji.so
linking transcoder emoji_iso2022_kddi.so
linking transcoder emoji_sjis_docomo.so
linking transcoder emoji_sjis_kddi.so
linking transcoder escape.so
linking transcoder emoji_sjis_softbank.so
linking transcoder gb18030.so
linking transcoder gbk.so
linking transcoder iso2022.so
linking transcoder japanese.so
linking transcoder japanese_euc.so
linking transcoder japanese_sjis.so
linking transcoder korean.so
linking transcoder single_byte.so
linking transcoder utf_16_32.so
linking transcoder utf8_mac.so
make[1]: Leaving directory '/home/bishisht/.rvm/src/ruby-2.3.0'
making encs
make[1]: Entering directory '/home/bishisht/.rvm/src/ruby-2.3.0'
make[1]: Leaving directory '/home/bishisht/.rvm/src/ruby-2.3.0'
header: gdbm-ndbm.h
library: gdbm_compat
configuring digest
configuring digest/bubblebabble
configuring digest/md5
configuring digest/rmd160
configuring digest/sha1
configuring digest/sha2
configuring etc
configuring fcntl
configuring fiber
configuring fiddle
configuring gdbm
configuring io/console
configuring io/nonblock
configuring io/wait
configuring json
configuring json/generator
configuring json/parser
configuring mathn/complex
configuring mathn/rational
configuring nkf
configuring objspace
configuring openssl
configuring pathname
configuring psych
configuring pty
configuring racc/cparse
configuring rbconfig/sizeof
configuring readline
configuring ripper
configuring sdbm
configuring socket
configuring stringio
configuring strscan
configuring syslog
configuring thread
configuring tk
............
check struct members..
check libraries....
Use ActiveTcl libraries (if available).
Search tclConfig.sh and tkConfig.sh.....................
Fail to find [tclConfig.sh, tkConfig.sh]
Use X11 libraries (or use TK_XINCLUDES/TK_XLIBSW information on tkConfig.sh).

Search tcl.h..
Search tk.h..Search Tcl library......
Warning:: cannot find Tcl library. tcltklib will not be compiled (tcltklib is disabled on your Ruby. That is, Ruby/Tk will not work). Please check configure options.

Can't find proper Tcl/Tk libraries. So, can't make tcltklib.so which is required by Ruby/Tk.
If you have Tcl/Tk libraries on your environment, you may be able to use them with configure options (see ext/tk/README.tcltklib).
At present, Tcl/Tk8.6 is not supported. Although you can try to use Tcl/Tk8.6 with configure options, it will not work correctly. I recommend you to use Tcl/Tk8.5 or 8.4.
Failed to configure tk. It will not be installed.
Failed to configure tk/tkutil. It will not be installed.
configuring zlib
make[1]: Entering directory '/home/bishisht/.rvm/src/ruby-2.3.0'
make[2]: Entering directory '/home/bishisht/.rvm/src/ruby-2.3.0/ext/-test-/bug-3571'
compiling bug.c
make[2]: Entering directory '/home/bishisht/.rvm/src/ruby-2.3.0/ext/-test-/array/resize'
make[2]: Entering directory '/home/bishisht/.rvm/src/ruby-2.3.0/ext/-test-/bug-5832'
make[2]: Entering directory '/home/bishisht/.rvm/src/ruby-2.3.0/ext/-test-/bignum'
compiling bug.c
compiling intpack.c
compiling resize.c
linking shared-object -test-/bug-5832/bug.so
linking shared-object -test-/bug-3571/bug.so
linking shared-object -test-/array/resize.so
make[2]: Leaving directory '/home/bishisht/.rvm/src/ruby-2.3.0/ext/-test-/bug-3571'
make[2]: Entering directory '/home/bishisht/.rvm/src/ruby-2.3.0/ext/-test-/bug_reporter'
compiling bug_reporter.c
make[2]: Leaving directory '/home/bishisht/.rvm/src/ruby-2.3.0/ext/-test-/bug-5832'
make[2]: Entering directory '/home/bishisht/.rvm/src/ruby-2.3.0/ext/-test-/class'
compiling class2name.c
compiling bigzero.c
make[2]: Leaving directory '/home/bishisht/.rvm/src/ruby-2.3.0/ext/-test-/array/resize'
make[2]: Entering directory '/home/bishisht/.rvm/src/ruby-2.3.0/ext/-test-/debug'
compiling inspector.c
compiling profile_frames.c
linking shared-object -test-/bug_reporter/bug_reporter.so
compiling div.c
compiling init.c
make[2]: Leaving directory '/home/bishisht/.rvm/src/ruby-2.3.0/ext/-test-/bug_reporter'
make[2]: Entering directory '/home/bishisht/.rvm/src/ruby-2.3.0/ext/-test-/dln/empty'
compiling empty.c
compiling init.c
linking shared-object -test-/dln/empty.so
compiling mul.c
make[2]: Leaving directory '/home/bishisht/.rvm/src/ruby-2.3.0/ext/-test-/dln/empty'
make[2]: Entering directory '/home/bishisht/.rvm/src/ruby-2.3.0/ext/-test-/exception'
compiling dataerror.c
linking shared-object -test-/class.so
make[2]: Leaving directory '/home/bishisht/.rvm/src/ruby-2.3.0/ext/-test-/class'
make[2]: Entering directory '/home/bishisht/.rvm/src/ruby-2.3.0/ext/-test-/fatal'
compiling rb_fatal.c
compiling enc_raise.c
linking shared-object -test-/debug.so
compiling big2str.c
make[2]: Leaving directory '/home/bishisht/.rvm/src/ruby-2.3.0/ext/-test-/debug'
make[2]: Entering directory '/home/bishisht/.rvm/src/ruby-2.3.0/ext/-test-/file'
compiling stat.c
linking shared-object -test-/fatal/rb_fatal.so
compiling init.c
make[2]: Leaving directory '/home/bishisht/.rvm/src/ruby-2.3.0/ext/-test-/fatal'
make[2]: Entering directory '/home/bishisht/.rvm/src/ruby-2.3.0/ext/-test-/float'
compiling nextafter.c
compiling init.c
compiling fs.c
compiling ensured.c
compiling str2big.c
compiling init.c
linking shared-object -test-/exception.so
compiling init.c
make[2]: Leaving directory '/home/bishisht/.rvm/src/ruby-2.3.0/ext/-test-/exception'
make[2]: Entering directory '/home/bishisht/.rvm/src/ruby-2.3.0/ext/-test-/funcall'
compiling passing_block.c
linking shared-object -test-/bignum.so
linking shared-object -test-/file.so
linking shared-object -test-/float.so
make[2]: Leaving directory '/home/bishisht/.rvm/src/ruby-2.3.0/ext/-test-/file'
make[2]: Entering directory '/home/bishisht/.rvm/src/ruby-2.3.0/ext/-test-/gvl/call_without_gvl'
compiling call_without_gvl.c
linking shared-object -test-/funcall/funcall.so
make[2]: Leaving directory '/home/bishisht/.rvm/src/ruby-2.3.0/ext/-test-/float'
make[2]: Leaving directory '/home/bishisht/.rvm/src/ruby-2.3.0/ext/-test-/bignum'
make[2]: Entering directory '/home/bishisht/.rvm/src/ruby-2.3.0/ext/-test-/hash'
compiling delete.c
make[2]: Entering directory '/home/bishisht/.rvm/src/ruby-2.3.0/ext/-test-/iseq_load'
compiling iseq_load.c
make[2]: Leaving directory '/home/bishisht/.rvm/src/ruby-2.3.0/ext/-test-/funcall'
make[2]: Entering directory '/home/bishisht/.rvm/src/ruby-2.3.0/ext/-test-/iter'
compiling break.c
linking shared-object -test-/gvl/call_without_gvl.so
make[2]: Leaving directory '/home/bishisht/.rvm/src/ruby-2.3.0/ext/-test-/gvl/call_without_gvl'
make[2]: Entering directory '/home/bishisht/.rvm/src/ruby-2.3.0/ext/-test-/load/dot.dot'
compiling dot.dot.c
compiling yield.c
linking shared-object -test-/iseq_load/iseq_load.so
linking shared-object -test-/load/dot.dot/dot.dot.so
compiling init.c
make[2]: Leaving directory '/home/bishisht/.rvm/src/ruby-2.3.0/ext/-test-/load/dot.dot'
make[2]: Entering directory '/home/bishisht/.rvm/src/ruby-2.3.0/ext/-test-/marshal/compat'
compiling usrcompat.c
make[2]: Leaving directory '/home/bishisht/.rvm/src/ruby-2.3.0/ext/-test-/iseq_load'
make[2]: Entering directory '/home/bishisht/.rvm/src/ruby-2.3.0/ext/-test-/marshal/internal_ivar'
compiling internal_ivar.c
compiling init.c
linking shared-object -test-/hash.so
make[2]: Leaving directory '/home/bishisht/.rvm/src/ruby-2.3.0/ext/-test-/hash'
make[2]: Entering directory '/home/bishisht/.rvm/src/ruby-2.3.0/ext/-test-/marshal/usr'
compiling usrmarshal.c
linking shared-object -test-/iter.so
linking shared-object -test-/marshal/compat.so
make[2]: Leaving directory '/home/bishisht/.rvm/src/ruby-2.3.0/ext/-test-/iter'
make[2]: Entering directory '/home/bishisht/.rvm/src/ruby-2.3.0/ext/-test-/method'
compiling arity.c
linking shared-object -test-/marshal/internal_ivar.so
make[2]: Leaving directory '/home/bishisht/.rvm/src/ruby-2.3.0/ext/-test-/marshal/compat'
make[2]: Entering directory '/home/bishisht/.rvm/src/ruby-2.3.0/ext/-test-/notimplement'
compiling bug.c
make[2]: Leaving directory '/home/bishisht/.rvm/src/ruby-2.3.0/ext/-test-/marshal/internal_ivar'
make[2]: Entering directory '/home/bishisht/.rvm/src/ruby-2.3.0/ext/-test-/num2int'
compiling num2int.c
compiling init.c
linking shared-object -test-/notimplement.so
linking shared-object -test-/marshal/usr.so
linking shared-object -test-/num2int/num2int.so
make[2]: Leaving directory '/home/bishisht/.rvm/src/ruby-2.3.0/ext/-test-/notimplement'
make[2]: Leaving directory '/home/bishisht/.rvm/src/ruby-2.3.0/ext/-test-/marshal/usr'
make[2]: Entering directory '/home/bishisht/.rvm/src/ruby-2.3.0/ext/-test-/path_to_class'
make[2]: Entering directory '/home/bishisht/.rvm/src/ruby-2.3.0/ext/-test-/popen_deadlock'
compiling path_to_class.c
compiling infinite_loop_dlsym.c
make[2]: Leaving directory '/home/bishisht/.rvm/src/ruby-2.3.0/ext/-test-/num2int'
make[2]: Entering directory '/home/bishisht/.rvm/src/ruby-2.3.0/ext/-test-/postponed_job'
compiling postponed_job.c
linking shared-object -test-/method.so
linking shared-object -test-/path_to_class/path_to_class.so
linking shared-object -test-/popen_deadlock/infinite_loop_dlsym.so
make[2]: Leaving directory '/home/bishisht/.rvm/src/ruby-2.3.0/ext/-test-/method'
make[2]: Entering directory '/home/bishisht/.rvm/src/ruby-2.3.0/ext/-test-/printf'
compiling printf.c
make[2]: Leaving directory '/home/bishisht/.rvm/src/ruby-2.3.0/ext/-test-/path_to_class'
make[2]: Leaving directory '/home/bishisht/.rvm/src/ruby-2.3.0/ext/-test-/popen_deadlock'
make[2]: Entering directory '/home/bishisht/.rvm/src/ruby-2.3.0/ext/-test-/proc'
compiling receiver.c
make[2]: Entering directory '/home/bishisht/.rvm/src/ruby-2.3.0/ext/-test-/rational'
compiling rat.c
linking shared-object -test-/postponed_job.so
make[2]: Leaving directory '/home/bishisht/.rvm/src/ruby-2.3.0/ext/-test-/postponed_job'
make[2]: Entering directory '/home/bishisht/.rvm/src/ruby-2.3.0/ext/-test-/recursion'
compiling recursion.c
compiling init.c
linking shared-object -test-/rational.so
linking shared-object -test-/recursion.so
linking shared-object -test-/printf.so
make[2]: Leaving directory '/home/bishisht/.rvm/src/ruby-2.3.0/ext/-test-/rational'
make[2]: Leaving directory '/home/bishisht/.rvm/src/ruby-2.3.0/ext/-test-/recursion'
make[2]: Entering directory '/home/bishisht/.rvm/src/ruby-2.3.0/ext/-test-/st/numhash'
compiling numhash.c
make[2]: Entering directory '/home/bishisht/.rvm/src/ruby-2.3.0/ext/-test-/st/foreach'
make[2]: Leaving directory '/home/bishisht/.rvm/src/ruby-2.3.0/ext/-test-/printf'
compiling foreach.c
make[2]: Entering directory '/home/bishisht/.rvm/src/ruby-2.3.0/ext/-test-/st/update'
compiling update.c
compiling super.c
linking shared-object -test-/st/update.so
linking shared-object -test-/st/numhash.so
make[2]: Leaving directory '/home/bishisht/.rvm/src/ruby-2.3.0/ext/-test-/st/update'
make[2]: Entering directory '/home/bishisht/.rvm/src/ruby-2.3.0/ext/-test-/string'
compiling set_len.c
make[2]: Leaving directory '/home/bishisht/.rvm/src/ruby-2.3.0/ext/-test-/st/numhash'
linking shared-object -test-/proc.so
make[2]: Entering directory '/home/bishisht/.rvm/src/ruby-2.3.0/ext/-test-/struct'
compiling init.c
make[2]: Leaving directory '/home/bishisht/.rvm/src/ruby-2.3.0/ext/-test-/proc'
make[2]: Entering directory '/home/bishisht/.rvm/src/ruby-2.3.0/ext/-test-/symbol'
compiling type.c
linking shared-object -test-/st/foreach.so
compiling nofree.c
make[2]: Leaving directory '/home/bishisht/.rvm/src/ruby-2.3.0/ext/-test-/st/foreach'
make[2]: Entering directory '/home/bishisht/.rvm/src/ruby-2.3.0/ext/-test-/time'
compiling member.c
compiling new.c
compiling init.c
compiling enc_associate.c
linking shared-object -test-/struct.so
linking shared-object -test-/symbol.so
compiling init.c
make[2]: Leaving directory '/home/bishisht/.rvm/src/ruby-2.3.0/ext/-test-/struct'
make[2]: Entering directory '/home/bishisht/.rvm/src/ruby-2.3.0/ext/-test-/tracepoint'
compiling tracepoint.c
make[2]: Leaving directory '/home/bishisht/.rvm/src/ruby-2.3.0/ext/-test-/symbol'
make[2]: Entering directory '/home/bishisht/.rvm/src/ruby-2.3.0/ext/-test-/typeddata'
compiling typeddata.c
compiling fstring.c
linking shared-object -test-/time.so
compiling coderange.c
linking shared-object -test-/typeddata/typeddata.so
make[2]: Leaving directory '/home/bishisht/.rvm/src/ruby-2.3.0/ext/-test-/typeddata'
make[2]: Entering directory '/home/bishisht/.rvm/src/ruby-2.3.0/ext/-test-/wait_for_single_fd'
compiling wait_for_single_fd.c
make[2]: Leaving directory '/home/bishisht/.rvm/src/ruby-2.3.0/ext/-test-/time'
compiling gc_hook.c
make[2]: Entering directory '/home/bishisht/.rvm/src/ruby-2.3.0/ext/bigdecimal'
compiling bigdecimal.c
compiling modify.c
linking shared-object -test-/tracepoint.so
linking shared-object -test-/wait_for_single_fd/wait_for_single_fd.so
make[2]: Leaving directory '/home/bishisht/.rvm/src/ruby-2.3.0/ext/-test-/wait_for_single_fd'
make[2]: Entering directory '/home/bishisht/.rvm/src/ruby-2.3.0/ext/cgi/escape'
compiling escape.c
make[2]: Leaving directory '/home/bishisht/.rvm/src/ruby-2.3.0/ext/-test-/tracepoint'
compiling enc_str_buf_cat.c
make[2]: Entering directory '/home/bishisht/.rvm/src/ruby-2.3.0/ext/continuation'
compiling continuation.c
linking shared-object continuation.so
compiling init.c
linking shared-object cgi/escape.so
make[2]: Leaving directory '/home/bishisht/.rvm/src/ruby-2.3.0/ext/continuation'
make[2]: Entering directory '/home/bishisht/.rvm/src/ruby-2.3.0/ext/coverage'
compiling coverage.c
make[2]: Leaving directory '/home/bishisht/.rvm/src/ruby-2.3.0/ext/cgi/escape'
make[2]: Entering directory '/home/bishisht/.rvm/src/ruby-2.3.0/ext/date'
compiling date_parse.c
compiling cstr.c
linking shared-object coverage.so
make[2]: Leaving directory '/home/bishisht/.rvm/src/ruby-2.3.0/ext/coverage'
compiling date_strptime.c
compiling ellipsize.c
compiling qsort.c
compiling normalize.c
linking shared-object -test-/string.so
make[2]: Leaving directory '/home/bishisht/.rvm/src/ruby-2.3.0/ext/-test-/string'
make[2]: Entering directory '/home/bishisht/.rvm/src/ruby-2.3.0/ext/dbm'
compiling dbm.c
compiling date_core.c
linking shared-object dbm.so
make[2]: Leaving directory '/home/bishisht/.rvm/src/ruby-2.3.0/ext/dbm'
make[2]: Entering directory '/home/bishisht/.rvm/src/ruby-2.3.0/ext/digest'
compiling digest.c
linking shared-object digest.so
installing digest libraries
installing default digest libraries
make[2]: Leaving directory '/home/bishisht/.rvm/src/ruby-2.3.0/ext/digest'
make[2]: Entering directory '/home/bishisht/.rvm/src/ruby-2.3.0/ext/digest/bubblebabble'
compiling bubblebabble.c
linking shared-object digest/bubblebabble.so
make[2]: Leaving directory '/home/bishisht/.rvm/src/ruby-2.3.0/ext/digest/bubblebabble'
make[2]: Entering directory '/home/bishisht/.rvm/src/ruby-2.3.0/ext/digest/md5'
compiling md5init.c
linking shared-object digest/md5.so
make[2]: Leaving directory '/home/bishisht/.rvm/src/ruby-2.3.0/ext/digest/md5'
make[2]: Entering directory '/home/bishisht/.rvm/src/ruby-2.3.0/ext/digest/rmd160'
compiling rmd160init.c
compiling date_strftime.c
linking shared-object digest/rmd160.so
make[2]: Leaving directory '/home/bishisht/.rvm/src/ruby-2.3.0/ext/digest/rmd160'
make[2]: Entering directory '/home/bishisht/.rvm/src/ruby-2.3.0/ext/digest/sha1'
compiling sha1init.c
linking shared-object bigdecimal.so
installing default bigdecimal libraries
make[2]: Leaving directory '/home/bishisht/.rvm/src/ruby-2.3.0/ext/bigdecimal'
make[2]: Entering directory '/home/bishisht/.rvm/src/ruby-2.3.0/ext/digest/sha2'
compiling sha2init.c
linking shared-object digest/sha1.so
make[2]: Leaving directory '/home/bishisht/.rvm/src/ruby-2.3.0/ext/digest/sha1'
make[2]: Entering directory '/home/bishisht/.rvm/src/ruby-2.3.0/ext/etc'
generating constant definitions
linking shared-object digest/sha2.so
compiling etc.c
installing default sha2 libraries
make[2]: Leaving directory '/home/bishisht/.rvm/src/ruby-2.3.0/ext/digest/sha2'
make[2]: Entering directory '/home/bishisht/.rvm/src/ruby-2.3.0/ext/fcntl'
compiling fcntl.c
linking shared-object fcntl.so
make[2]: Leaving directory '/home/bishisht/.rvm/src/ruby-2.3.0/ext/fcntl'
make[2]: Entering directory '/home/bishisht/.rvm/src/ruby-2.3.0/ext/fiber'
compiling fiber.c
linking shared-object fiber.so
installing default date_core libraries
make[2]: Entering directory '/home/bishisht/.rvm/src/ruby-2.3.0/ext/fiddle'
compiling pointer.c
make[2]: Leaving directory '/home/bishisht/.rvm/src/ruby-2.3.0/ext/fiber'
make[2]: Entering directory '/home/bishisht/.rvm/src/ruby-2.3.0/ext/gdbm'
compiling gdbm.c
linking shared-object etc.so
make[2]: Leaving directory '/home/bishisht/.rvm/src/ruby-2.3.0/ext/etc'
make[2]: Entering directory '/home/bishisht/.rvm/src/ruby-2.3.0/ext/io/console'
compiling console.c
compiling handle.c
compiling conversions.c
linking shared-object io/console.so
installing default console libraries
make[2]: Leaving directory '/home/bishisht/.rvm/src/ruby-2.3.0/ext/io/console'
make[2]: Entering directory '/home/bishisht/.rvm/src/ruby-2.3.0/ext/io/nonblock'
compiling nonblock.c
compiling function.c
linking shared-object gdbm.so
make[2]: Leaving directory '/home/bishisht/.rvm/src/ruby-2.3.0/ext/gdbm'
compiling fiddle.c
linking shared-object io/nonblock.so
make[2]: Leaving directory '/home/bishisht/.rvm/src/ruby-2.3.0/ext/io/nonblock'
make[2]: Entering directory '/home/bishisht/.rvm/src/ruby-2.3.0/ext/io/wait'
compiling wait.c
compiling closure.c
installing default fiddle libraries
make[2]: Entering directory '/home/bishisht/.rvm/src/ruby-2.3.0/ext/json'
installing default libraries
make[2]: Leaving directory '/home/bishisht/.rvm/src/ruby-2.3.0/ext/json'
linking shared-object io/wait.so
make[2]: Entering directory '/home/bishisht/.rvm/src/ruby-2.3.0/ext/json/generator'
compiling generator.c
linking shared-object fiddle.so
make[2]: Leaving directory '/home/bishisht/.rvm/src/ruby-2.3.0/ext/io/wait'
make[2]: Entering directory '/home/bishisht/.rvm/src/ruby-2.3.0/ext/json/parser'
compiling parser.c
make[2]: Leaving directory '/home/bishisht/.rvm/src/ruby-2.3.0/ext/fiddle'
make[2]: Entering directory '/home/bishisht/.rvm/src/ruby-2.3.0/ext/mathn/complex'
compiling complex.c
linking shared-object mathn/complex.so
make[2]: Leaving directory '/home/bishisht/.rvm/src/ruby-2.3.0/ext/mathn/complex'
make[2]: Entering directory '/home/bishisht/.rvm/src/ruby-2.3.0/ext/mathn/rational'
compiling rational.c
linking shared-object mathn/rational.so
make[2]: Leaving directory '/home/bishisht/.rvm/src/ruby-2.3.0/ext/mathn/rational'
make[2]: Entering directory '/home/bishisht/.rvm/src/ruby-2.3.0/ext/nkf'
compiling nkf.c
linking shared-object date_core.so
make[2]: Leaving directory '/home/bishisht/.rvm/src/ruby-2.3.0/ext/date'
make[2]: Entering directory '/home/bishisht/.rvm/src/ruby-2.3.0/ext/objspace'
compiling objspace.c
linking shared-object json/ext/parser.so
make[2]: Leaving directory '/home/bishisht/.rvm/src/ruby-2.3.0/ext/json/parser'
make[2]: Entering directory '/home/bishisht/.rvm/src/ruby-2.3.0/ext/openssl'
compiling ossl_ssl_session.c
compiling ossl_x509revoked.c
linking shared-object json/ext/generator.so
compiling objspace_dump.c
make[2]: Leaving directory '/home/bishisht/.rvm/src/ruby-2.3.0/ext/json/generator'
make[2]: Entering directory '/home/bishisht/.rvm/src/ruby-2.3.0/ext/pathname'
compiling pathname.c
compiling ossl_x509cert.c
compiling object_tracing.c
linking shared-object objspace.so
compiling ossl_cipher.c
make[2]: Leaving directory '/home/bishisht/.rvm/src/ruby-2.3.0/ext/objspace'
compiling ossl_digest.c
installing default pathname libraries
linking shared-object pathname.so
make[2]: Leaving directory '/home/bishisht/.rvm/src/ruby-2.3.0/ext/pathname'
make[2]: Entering directory '/home/bishisht/.rvm/src/ruby-2.3.0/ext/psych'
compiling psych_yaml_tree.c
compiling psych_parser.c
compiling ossl_pkey_dh.c
compiling ossl_pkcs7.c
compiling psych.c
compiling psych_to_ruby.c
compiling psych_emitter.c
compiling ossl_pkcs5.c
installing default nkf libraries
linking shared-object nkf.so
make[2]: Leaving directory '/home/bishisht/.rvm/src/ruby-2.3.0/ext/nkf'
make[2]: Entering directory '/home/bishisht/.rvm/src/ruby-2.3.0/ext/pty'
compiling pty.c
compiling ossl_x509store.c
linking shared-object psych.so
installing default pty libraries
linking shared-object pty.so
compiling ossl_x509crl.c
installing default psych libraries
make[2]: Leaving directory '/home/bishisht/.rvm/src/ruby-2.3.0/ext/psych'
make[2]: Leaving directory '/home/bishisht/.rvm/src/ruby-2.3.0/ext/pty'
make[2]: Entering directory '/home/bishisht/.rvm/src/ruby-2.3.0/ext/racc/cparse'
compiling cparse.c
make[2]: Entering directory '/home/bishisht/.rvm/src/ruby-2.3.0/ext/rbconfig/sizeof'
compiling sizes.c
linking shared-object rbconfig/sizeof.so
make[2]: Leaving directory '/home/bishisht/.rvm/src/ruby-2.3.0/ext/rbconfig/sizeof'
make[2]: Entering directory '/home/bishisht/.rvm/src/ruby-2.3.0/ext/readline'
compiling readline.c
linking shared-object racc/cparse.so
compiling ossl_rand.c
make[2]: Leaving directory '/home/bishisht/.rvm/src/ruby-2.3.0/ext/racc/cparse'
compiling ossl_x509name.c
compiling ossl_pkey.c
compiling ossl_asn1.c
linking shared-object readline.so
compiling ossl_hmac.c
make[2]: Leaving directory '/home/bishisht/.rvm/src/ruby-2.3.0/ext/readline'
compiling ossl_x509req.c
make[2]: Entering directory '/home/bishisht/.rvm/src/ruby-2.3.0/ext/ripper'
compiling ripper.c
compiling ossl_ocsp.c
compiling ossl_pkey_dsa.c
compiling ossl_config.c
compiling ossl_engine.c
compiling ossl_pkey_rsa.c
compiling ossl_ssl.c
compiling ossl_ns_spki.c
compiling openssl_missing.c
compiling ossl_x509ext.c
compiling ossl_pkcs12.c
compiling ossl_bio.c
compiling ossl_pkey_ec.c
compiling ossl_x509attr.c
compiling ossl_bn.c
compiling ossl_x509.c
make[2]: Entering directory '/home/bishisht/.rvm/src/ruby-2.3.0/ext/sdbm'
compiling _sdbm.c
compiling ossl.c
compiling init.c
installing default openssl libraries
checking ../.././parse.y and ../.././ext/ripper/eventids2.c
make[2]: Entering directory '/home/bishisht/.rvm/src/ruby-2.3.0/ext/socket'
generating constant definitions
generating constant definitions
compiling basicsocket.c
linking shared-object openssl.so
linking shared-object sdbm.so
compiling socket.c
make[2]: Leaving directory '/home/bishisht/.rvm/src/ruby-2.3.0/ext/sdbm'
make[2]: Entering directory '/home/bishisht/.rvm/src/ruby-2.3.0/ext/stringio'
compiling stringio.c
make[2]: Leaving directory '/home/bishisht/.rvm/src/ruby-2.3.0/ext/openssl'
make[2]: Entering directory '/home/bishisht/.rvm/src/ruby-2.3.0/ext/strscan'
compiling strscan.c
compiling ipsocket.c
compiling tcpsocket.c
linking shared-object strscan.so
make[2]: Leaving directory '/home/bishisht/.rvm/src/ruby-2.3.0/ext/strscan'
compiling tcpserver.c
linking shared-object stringio.so
make[2]: Leaving directory '/home/bishisht/.rvm/src/ruby-2.3.0/ext/stringio'
make[2]: Entering directory '/home/bishisht/.rvm/src/ruby-2.3.0/ext/syslog'
compiling syslog.c
compiling sockssocket.c
make[2]: Entering directory '/home/bishisht/.rvm/src/ruby-2.3.0/ext/thread'
compiling thread.c
compiling udpsocket.c
linking shared-object thread.so
linking shared-object syslog.so
make[2]: Leaving directory '/home/bishisht/.rvm/src/ruby-2.3.0/ext/thread'
make[2]: Entering directory '/home/bishisht/.rvm/src/ruby-2.3.0/ext/tk'
make[2]: Nothing to be done for 'all'.
make[2]: Leaving directory '/home/bishisht/.rvm/src/ruby-2.3.0/ext/tk'
make[2]: Entering directory '/home/bishisht/.rvm/src/ruby-2.3.0/ext/tk/tkutil'
make[2]: Nothing to be done for 'all'.
make[2]: Leaving directory '/home/bishisht/.rvm/src/ruby-2.3.0/ext/tk/tkutil'
make[2]: Entering directory '/home/bishisht/.rvm/src/ruby-2.3.0/ext/zlib'
compiling zlib.c
installing default syslog libraries
make[2]: Leaving directory '/home/bishisht/.rvm/src/ruby-2.3.0/ext/syslog'
installing default ripper libraries
compiling unixsocket.c
compiling unixserver.c
linking shared-object ripper.so
compiling option.c
make[2]: Leaving directory '/home/bishisht/.rvm/src/ruby-2.3.0/ext/ripper'
compiling ancdata.c
compiling raddrinfo.c
compiling ifaddr.c
installing default socket libraries
compiling init.c
compiling constants.c
linking shared-object zlib.so
make[2]: Leaving directory '/home/bishisht/.rvm/src/ruby-2.3.0/ext/zlib'
linking shared-object socket.so
make[2]: Leaving directory '/home/bishisht/.rvm/src/ruby-2.3.0/ext/socket'
make[2]: Entering directory '/home/bishisht/.rvm/src/ruby-2.3.0'
linking shared-library libruby.so.2.3.0
linking ruby
make[2]: Leaving directory '/home/bishisht/.rvm/src/ruby-2.3.0'
make[1]: Leaving directory '/home/bishisht/.rvm/src/ruby-2.3.0'
